<?xml version="1.0" encoding="UTF-8"?>
<!-- Generated by org.testng.reporters.JUnitReportReporter -->
<testsuite hostname="LAPTOP-5ICULF9D" failures="0" tests="2" name="selenium.AshotDemo" time="48.389" errors="0" timestamp="2023-07-23T15:37:42 IST" skipped="0">
  <testcase classname="selenium.AshotDemo" name="ashotElementDemo" time="15.063"/>
  <testcase classname="selenium.AshotDemo" name="ashotPageDemo" time="33.326"/>
</testsuite> <!-- selenium.AshotDemo -->
