<?xml version="1.0" encoding="UTF-8"?>
<!-- Generated by org.testng.reporters.JUnitReportReporter -->
<testsuite hostname="LAPTOP-5ICULF9D" failures="0" tests="1" name="emailTesting.EmailTestDemo" time="1.752" errors="0" timestamp="2024-02-17T23:26:26 IST" skipped="0">
  <testcase classname="emailTesting.EmailTestDemo" name="testEmail" time="1.752"/>
</testsuite> <!-- emailTesting.EmailTestDemo -->
