<?xml version="1.0" encoding="UTF-8"?>
<!-- Generated by org.testng.reporters.JUnitReportReporter -->
<testsuite hostname="LAPTOP-5ICULF9D" failures="0" tests="3" name="selenium.CrossBrowserScript" time="108.762" errors="0" timestamp="2023-05-17T13:51:52 IST" skipped="0">
  <testcase classname="selenium.CrossBrowserScript" name="testParameterWithXML" time="22.220"/>
  <system-out/>
  <testcase classname="selenium.CrossBrowserScript" name="testParameterWithXML" time="43.919"/>
  <system-out/>
  <testcase classname="selenium.CrossBrowserScript" name="testParameterWithXML" time="42.623"/>
  <system-out/>
</testsuite> <!-- selenium.CrossBrowserScript -->
