<?xml version="1.0" encoding="UTF-8"?>
<!-- Generated by org.testng.reporters.JUnitReportReporter -->
<testsuite hostname="LAPTOP-5ICULF9D" failures="0" tests="1" name="selenium.RobotClass" time="14.157" errors="0" timestamp="2023-12-03T17:13:54 IST" skipped="0">
  <testcase classname="selenium.RobotClass" name="execution" time="14.157"/>
</testsuite> <!-- selenium.RobotClass -->
